The system is: Linux - 3.10.0-693.21.1.el7.x86_64 - x86_64
Compiling the C compiler identification source file "CMakeCCompilerId.c" succeeded.
Compiler: /usr/bin/cc 
Build flags: 
Id flags:  

The output was:
0


Compilation of the C compiler identification source "CMakeCCompilerId.c" produced "a.out"

The C compiler identification is GNU, found in "/home/y/yo_kumar/Downloads/P2/P2Submission/Project 2/code/build/CMakeFiles/3.8.2/CompilerIdC/a.out"

Compiling the CXX compiler identification source file "CMakeCXXCompilerId.cpp" succeeded.
Compiler: /encs/bin/g++ 
Build flags: 
Id flags:  

The output was:
0


Compilation of the CXX compiler identification source "CMakeCXXCompilerId.cpp" produced "a.out"

The CXX compiler identification is GNU, found in "/home/y/yo_kumar/Downloads/P2/P2Submission/Project 2/code/build/CMakeFiles/3.8.2/CompilerIdCXX/a.out"

Determining if the C compiler works passed with the following output:
Change Dir: /home/y/yo_kumar/Downloads/P2/P2Submission/Project 2/code/build/CMakeFiles/CMakeTmp

Run Build Command:"/usr/bin/gmake" "cmTC_8aa43/fast"
/usr/bin/gmake -f CMakeFiles/cmTC_8aa43.dir/build.make CMakeFiles/cmTC_8aa43.dir/build
gmake[1]: Entering directory `/nfs/home/y/yo_kumar/Downloads/P2/P2Submission/Project 2/code/build/CMakeFiles/CMakeTmp'
Building C object CMakeFiles/cmTC_8aa43.dir/testCCompiler.c.o
/usr/bin/cc    -o CMakeFiles/cmTC_8aa43.dir/testCCompiler.c.o   -c "/home/y/yo_kumar/Downloads/P2/P2Submission/Project 2/code/build/CMakeFiles/CMakeTmp/testCCompiler.c"
Linking C executable cmTC_8aa43
/nfs/encs/ArchDep/x86_64.EL7/pkg/cmake-3.8.2/root/bin/cmake -E cmake_link_script CMakeFiles/cmTC_8aa43.dir/link.txt --verbose=1
/usr/bin/cc      -rdynamic CMakeFiles/cmTC_8aa43.dir/testCCompiler.c.o  -o cmTC_8aa43 
gmake[1]: Leaving directory `/nfs/home/y/yo_kumar/Downloads/P2/P2Submission/Project 2/code/build/CMakeFiles/CMakeTmp'


Detecting C compiler ABI info compiled with the following output:
Change Dir: /home/y/yo_kumar/Downloads/P2/P2Submission/Project 2/code/build/CMakeFiles/CMakeTmp

Run Build Command:"/usr/bin/gmake" "cmTC_a97c6/fast"
/usr/bin/gmake -f CMakeFiles/cmTC_a97c6.dir/build.make CMakeFiles/cmTC_a97c6.dir/build
gmake[1]: Entering directory `/nfs/home/y/yo_kumar/Downloads/P2/P2Submission/Project 2/code/build/CMakeFiles/CMakeTmp'
Building C object CMakeFiles/cmTC_a97c6.dir/CMakeCCompilerABI.c.o
/usr/bin/cc    -o CMakeFiles/cmTC_a97c6.dir/CMakeCCompilerABI.c.o   -c /nfs/encs/ArchDep/x86_64.EL7/pkg/cmake-3.8.2/root/share/cmake-3.8/Modules/CMakeCCompilerABI.c
Linking C executable cmTC_a97c6
/nfs/encs/ArchDep/x86_64.EL7/pkg/cmake-3.8.2/root/bin/cmake -E cmake_link_script CMakeFiles/cmTC_a97c6.dir/link.txt --verbose=1
/usr/bin/cc     -v -rdynamic CMakeFiles/cmTC_a97c6.dir/CMakeCCompilerABI.c.o  -o cmTC_a97c6 
Using built-in specs.
COLLECT_GCC=/usr/bin/cc
COLLECT_LTO_WRAPPER=/usr/libexec/gcc/x86_64-redhat-linux/4.8.5/lto-wrapper
Target: x86_64-redhat-linux
Configured with: ../configure --prefix=/usr --mandir=/usr/share/man --infodir=/usr/share/info --with-bugurl=http://bugzilla.redhat.com/bugzilla --enable-bootstrap --enable-shared --enable-threads=posix --enable-checking=release --with-system-zlib --enable-__cxa_atexit --disable-libunwind-exceptions --enable-gnu-unique-object --enable-linker-build-id --with-linker-hash-style=gnu --enable-languages=c,c++,objc,obj-c++,java,fortran,ada,go,lto --enable-plugin --enable-initfini-array --disable-libgcj --with-isl=/builddir/build/BUILD/gcc-4.8.5-20150702/obj-x86_64-redhat-linux/isl-install --with-cloog=/builddir/build/BUILD/gcc-4.8.5-20150702/obj-x86_64-redhat-linux/cloog-install --enable-gnu-indirect-function --with-tune=generic --with-arch_32=x86-64 --build=x86_64-redhat-linux
Thread model: posix
gcc version 4.8.5 20150623 (Red Hat 4.8.5-11) (GCC) 
COMPILER_PATH=/usr/libexec/gcc/x86_64-redhat-linux/4.8.5/:/usr/libexec/gcc/x86_64-redhat-linux/4.8.5/:/usr/libexec/gcc/x86_64-redhat-linux/:/usr/lib/gcc/x86_64-redhat-linux/4.8.5/:/usr/lib/gcc/x86_64-redhat-linux/
LIBRARY_PATH=/usr/lib/gcc/x86_64-redhat-linux/4.8.5/:/usr/lib/gcc/x86_64-redhat-linux/4.8.5/../../../../lib64/:/lib/../lib64/:/usr/lib/../lib64/:/usr/lib/gcc/x86_64-redhat-linux/4.8.5/../../../:/lib/:/usr/lib/
COLLECT_GCC_OPTIONS='-v' '-rdynamic' '-o' 'cmTC_a97c6' '-mtune=generic' '-march=x86-64'
 /usr/libexec/gcc/x86_64-redhat-linux/4.8.5/collect2 --build-id --no-add-needed --eh-frame-hdr --hash-style=gnu -m elf_x86_64 -export-dynamic -dynamic-linker /lib64/ld-linux-x86-64.so.2 -o cmTC_a97c6 /usr/lib/gcc/x86_64-redhat-linux/4.8.5/../../../../lib64/crt1.o /usr/lib/gcc/x86_64-redhat-linux/4.8.5/../../../../lib64/crti.o /usr/lib/gcc/x86_64-redhat-linux/4.8.5/crtbegin.o -L/usr/lib/gcc/x86_64-redhat-linux/4.8.5 -L/usr/lib/gcc/x86_64-redhat-linux/4.8.5/../../../../lib64 -L/lib/../lib64 -L/usr/lib/../lib64 -L/usr/lib/gcc/x86_64-redhat-linux/4.8.5/../../.. CMakeFiles/cmTC_a97c6.dir/CMakeCCompilerABI.c.o -lgcc --as-needed -lgcc_s --no-as-needed -lc -lgcc --as-needed -lgcc_s --no-as-needed /usr/lib/gcc/x86_64-redhat-linux/4.8.5/crtend.o /usr/lib/gcc/x86_64-redhat-linux/4.8.5/../../../../lib64/crtn.o
gmake[1]: Leaving directory `/nfs/home/y/yo_kumar/Downloads/P2/P2Submission/Project 2/code/build/CMakeFiles/CMakeTmp'


Parsed C implicit link information from above output:
  link line regex: [^( *|.*[/\])(ld|([^/\]+-)?ld|collect2)[^/\]*( |$)]
  ignore line: [Change Dir: /home/y/yo_kumar/Downloads/P2/P2Submission/Project 2/code/build/CMakeFiles/CMakeTmp]
  ignore line: []
  ignore line: [Run Build Command:"/usr/bin/gmake" "cmTC_a97c6/fast"]
  ignore line: [/usr/bin/gmake -f CMakeFiles/cmTC_a97c6.dir/build.make CMakeFiles/cmTC_a97c6.dir/build]
  ignore line: [gmake[1]: Entering directory `/nfs/home/y/yo_kumar/Downloads/P2/P2Submission/Project 2/code/build/CMakeFiles/CMakeTmp']
  ignore line: [Building C object CMakeFiles/cmTC_a97c6.dir/CMakeCCompilerABI.c.o]
  ignore line: [/usr/bin/cc    -o CMakeFiles/cmTC_a97c6.dir/CMakeCCompilerABI.c.o   -c /nfs/encs/ArchDep/x86_64.EL7/pkg/cmake-3.8.2/root/share/cmake-3.8/Modules/CMakeCCompilerABI.c]
  ignore line: [Linking C executable cmTC_a97c6]
  ignore line: [/nfs/encs/ArchDep/x86_64.EL7/pkg/cmake-3.8.2/root/bin/cmake -E cmake_link_script CMakeFiles/cmTC_a97c6.dir/link.txt --verbose=1]
  ignore line: [/usr/bin/cc     -v -rdynamic CMakeFiles/cmTC_a97c6.dir/CMakeCCompilerABI.c.o  -o cmTC_a97c6 ]
  ignore line: [Using built-in specs.]
  ignore line: [COLLECT_GCC=/usr/bin/cc]
  ignore line: [COLLECT_LTO_WRAPPER=/usr/libexec/gcc/x86_64-redhat-linux/4.8.5/lto-wrapper]
  ignore line: [Target: x86_64-redhat-linux]
  ignore line: [Configured with: ../configure --prefix=/usr --mandir=/usr/share/man --infodir=/usr/share/info --with-bugurl=http://bugzilla.redhat.com/bugzilla --enable-bootstrap --enable-shared --enable-threads=posix --enable-checking=release --with-system-zlib --enable-__cxa_atexit --disable-libunwind-exceptions --enable-gnu-unique-object --enable-linker-build-id --with-linker-hash-style=gnu --enable-languages=c,c++,objc,obj-c++,java,fortran,ada,go,lto --enable-plugin --enable-initfini-array --disable-libgcj --with-isl=/builddir/build/BUILD/gcc-4.8.5-20150702/obj-x86_64-redhat-linux/isl-install --with-cloog=/builddir/build/BUILD/gcc-4.8.5-20150702/obj-x86_64-redhat-linux/cloog-install --enable-gnu-indirect-function --with-tune=generic --with-arch_32=x86-64 --build=x86_64-redhat-linux]
  ignore line: [Thread model: posix]
  ignore line: [gcc version 4.8.5 20150623 (Red Hat 4.8.5-11) (GCC) ]
  ignore line: [COMPILER_PATH=/usr/libexec/gcc/x86_64-redhat-linux/4.8.5/:/usr/libexec/gcc/x86_64-redhat-linux/4.8.5/:/usr/libexec/gcc/x86_64-redhat-linux/:/usr/lib/gcc/x86_64-redhat-linux/4.8.5/:/usr/lib/gcc/x86_64-redhat-linux/]
  ignore line: [LIBRARY_PATH=/usr/lib/gcc/x86_64-redhat-linux/4.8.5/:/usr/lib/gcc/x86_64-redhat-linux/4.8.5/../../../../lib64/:/lib/../lib64/:/usr/lib/../lib64/:/usr/lib/gcc/x86_64-redhat-linux/4.8.5/../../../:/lib/:/usr/lib/]
  ignore line: [COLLECT_GCC_OPTIONS='-v' '-rdynamic' '-o' 'cmTC_a97c6' '-mtune=generic' '-march=x86-64']
  link line: [ /usr/libexec/gcc/x86_64-redhat-linux/4.8.5/collect2 --build-id --no-add-needed --eh-frame-hdr --hash-style=gnu -m elf_x86_64 -export-dynamic -dynamic-linker /lib64/ld-linux-x86-64.so.2 -o cmTC_a97c6 /usr/lib/gcc/x86_64-redhat-linux/4.8.5/../../../../lib64/crt1.o /usr/lib/gcc/x86_64-redhat-linux/4.8.5/../../../../lib64/crti.o /usr/lib/gcc/x86_64-redhat-linux/4.8.5/crtbegin.o -L/usr/lib/gcc/x86_64-redhat-linux/4.8.5 -L/usr/lib/gcc/x86_64-redhat-linux/4.8.5/../../../../lib64 -L/lib/../lib64 -L/usr/lib/../lib64 -L/usr/lib/gcc/x86_64-redhat-linux/4.8.5/../../.. CMakeFiles/cmTC_a97c6.dir/CMakeCCompilerABI.c.o -lgcc --as-needed -lgcc_s --no-as-needed -lc -lgcc --as-needed -lgcc_s --no-as-needed /usr/lib/gcc/x86_64-redhat-linux/4.8.5/crtend.o /usr/lib/gcc/x86_64-redhat-linux/4.8.5/../../../../lib64/crtn.o]
    arg [/usr/libexec/gcc/x86_64-redhat-linux/4.8.5/collect2] ==> ignore
    arg [--build-id] ==> ignore
    arg [--no-add-needed] ==> ignore
    arg [--eh-frame-hdr] ==> ignore
    arg [--hash-style=gnu] ==> ignore
    arg [-m] ==> ignore
    arg [elf_x86_64] ==> ignore
    arg [-export-dynamic] ==> ignore
    arg [-dynamic-linker] ==> ignore
    arg [/lib64/ld-linux-x86-64.so.2] ==> ignore
    arg [-o] ==> ignore
    arg [cmTC_a97c6] ==> ignore
    arg [/usr/lib/gcc/x86_64-redhat-linux/4.8.5/../../../../lib64/crt1.o] ==> ignore
    arg [/usr/lib/gcc/x86_64-redhat-linux/4.8.5/../../../../lib64/crti.o] ==> ignore
    arg [/usr/lib/gcc/x86_64-redhat-linux/4.8.5/crtbegin.o] ==> ignore
    arg [-L/usr/lib/gcc/x86_64-redhat-linux/4.8.5] ==> dir [/usr/lib/gcc/x86_64-redhat-linux/4.8.5]
    arg [-L/usr/lib/gcc/x86_64-redhat-linux/4.8.5/../../../../lib64] ==> dir [/usr/lib/gcc/x86_64-redhat-linux/4.8.5/../../../../lib64]
    arg [-L/lib/../lib64] ==> dir [/lib/../lib64]
    arg [-L/usr/lib/../lib64] ==> dir [/usr/lib/../lib64]
    arg [-L/usr/lib/gcc/x86_64-redhat-linux/4.8.5/../../..] ==> dir [/usr/lib/gcc/x86_64-redhat-linux/4.8.5/../../..]
    arg [CMakeFiles/cmTC_a97c6.dir/CMakeCCompilerABI.c.o] ==> ignore
    arg [-lgcc] ==> lib [gcc]
    arg [--as-needed] ==> ignore
    arg [-lgcc_s] ==> lib [gcc_s]
    arg [--no-as-needed] ==> ignore
    arg [-lc] ==> lib [c]
    arg [-lgcc] ==> lib [gcc]
    arg [--as-needed] ==> ignore
    arg [-lgcc_s] ==> lib [gcc_s]
    arg [--no-as-needed] ==> ignore
    arg [/usr/lib/gcc/x86_64-redhat-linux/4.8.5/crtend.o] ==> ignore
    arg [/usr/lib/gcc/x86_64-redhat-linux/4.8.5/../../../../lib64/crtn.o] ==> ignore
  remove lib [gcc]
  remove lib [gcc_s]
  remove lib [gcc]
  remove lib [gcc_s]
  collapse library dir [/usr/lib/gcc/x86_64-redhat-linux/4.8.5] ==> [/usr/lib/gcc/x86_64-redhat-linux/4.8.5]
  collapse library dir [/usr/lib/gcc/x86_64-redhat-linux/4.8.5/../../../../lib64] ==> [/usr/lib64]
  collapse library dir [/lib/../lib64] ==> [/lib64]
  collapse library dir [/usr/lib/../lib64] ==> [/usr/lib64]
  collapse library dir [/usr/lib/gcc/x86_64-redhat-linux/4.8.5/../../..] ==> [/usr/lib]
  implicit libs: [c]
  implicit dirs: [/usr/lib/gcc/x86_64-redhat-linux/4.8.5;/usr/lib64;/lib64;/usr/lib]
  implicit fwks: []




Detecting C [-std=c11] compiler features compiled with the following output:
Change Dir: /home/y/yo_kumar/Downloads/P2/P2Submission/Project 2/code/build/CMakeFiles/CMakeTmp

Run Build Command:"/usr/bin/gmake" "cmTC_e4ce2/fast"
/usr/bin/gmake -f CMakeFiles/cmTC_e4ce2.dir/build.make CMakeFiles/cmTC_e4ce2.dir/build
gmake[1]: Entering directory `/nfs/home/y/yo_kumar/Downloads/P2/P2Submission/Project 2/code/build/CMakeFiles/CMakeTmp'
Building C object CMakeFiles/cmTC_e4ce2.dir/feature_tests.c.o
/usr/bin/cc   -std=c11 -o CMakeFiles/cmTC_e4ce2.dir/feature_tests.c.o   -c "/home/y/yo_kumar/Downloads/P2/P2Submission/Project 2/code/build/CMakeFiles/feature_tests.c"
Linking C executable cmTC_e4ce2
/nfs/encs/ArchDep/x86_64.EL7/pkg/cmake-3.8.2/root/bin/cmake -E cmake_link_script CMakeFiles/cmTC_e4ce2.dir/link.txt --verbose=1
/usr/bin/cc      -rdynamic CMakeFiles/cmTC_e4ce2.dir/feature_tests.c.o  -o cmTC_e4ce2 
gmake[1]: Leaving directory `/nfs/home/y/yo_kumar/Downloads/P2/P2Submission/Project 2/code/build/CMakeFiles/CMakeTmp'


    Feature record: C_FEATURE:1c_function_prototypes
    Feature record: C_FEATURE:1c_restrict
    Feature record: C_FEATURE:1c_static_assert
    Feature record: C_FEATURE:1c_variadic_macros


Detecting C [-std=c99] compiler features compiled with the following output:
Change Dir: /home/y/yo_kumar/Downloads/P2/P2Submission/Project 2/code/build/CMakeFiles/CMakeTmp

Run Build Command:"/usr/bin/gmake" "cmTC_9469a/fast"
/usr/bin/gmake -f CMakeFiles/cmTC_9469a.dir/build.make CMakeFiles/cmTC_9469a.dir/build
gmake[1]: Entering directory `/nfs/home/y/yo_kumar/Downloads/P2/P2Submission/Project 2/code/build/CMakeFiles/CMakeTmp'
Building C object CMakeFiles/cmTC_9469a.dir/feature_tests.c.o
/usr/bin/cc   -std=c99 -o CMakeFiles/cmTC_9469a.dir/feature_tests.c.o   -c "/home/y/yo_kumar/Downloads/P2/P2Submission/Project 2/code/build/CMakeFiles/feature_tests.c"
Linking C executable cmTC_9469a
/nfs/encs/ArchDep/x86_64.EL7/pkg/cmake-3.8.2/root/bin/cmake -E cmake_link_script CMakeFiles/cmTC_9469a.dir/link.txt --verbose=1
/usr/bin/cc      -rdynamic CMakeFiles/cmTC_9469a.dir/feature_tests.c.o  -o cmTC_9469a 
gmake[1]: Leaving directory `/nfs/home/y/yo_kumar/Downloads/P2/P2Submission/Project 2/code/build/CMakeFiles/CMakeTmp'


    Feature record: C_FEATURE:1c_function_prototypes
    Feature record: C_FEATURE:1c_restrict
    Feature record: C_FEATURE:0c_static_assert
    Feature record: C_FEATURE:1c_variadic_macros


Detecting C [-std=c90] compiler features compiled with the following output:
Change Dir: /home/y/yo_kumar/Downloads/P2/P2Submission/Project 2/code/build/CMakeFiles/CMakeTmp

Run Build Command:"/usr/bin/gmake" "cmTC_6e7be/fast"
/usr/bin/gmake -f CMakeFiles/cmTC_6e7be.dir/build.make CMakeFiles/cmTC_6e7be.dir/build
gmake[1]: Entering directory `/nfs/home/y/yo_kumar/Downloads/P2/P2Submission/Project 2/code/build/CMakeFiles/CMakeTmp'
Building C object CMakeFiles/cmTC_6e7be.dir/feature_tests.c.o
/usr/bin/cc   -std=c90 -o CMakeFiles/cmTC_6e7be.dir/feature_tests.c.o   -c "/home/y/yo_kumar/Downloads/P2/P2Submission/Project 2/code/build/CMakeFiles/feature_tests.c"
Linking C executable cmTC_6e7be
/nfs/encs/ArchDep/x86_64.EL7/pkg/cmake-3.8.2/root/bin/cmake -E cmake_link_script CMakeFiles/cmTC_6e7be.dir/link.txt --verbose=1
/usr/bin/cc      -rdynamic CMakeFiles/cmTC_6e7be.dir/feature_tests.c.o  -o cmTC_6e7be 
gmake[1]: Leaving directory `/nfs/home/y/yo_kumar/Downloads/P2/P2Submission/Project 2/code/build/CMakeFiles/CMakeTmp'


    Feature record: C_FEATURE:1c_function_prototypes
    Feature record: C_FEATURE:0c_restrict
    Feature record: C_FEATURE:0c_static_assert
    Feature record: C_FEATURE:0c_variadic_macros
Determining if the CXX compiler works passed with the following output:
Change Dir: /home/y/yo_kumar/Downloads/P2/P2Submission/Project 2/code/build/CMakeFiles/CMakeTmp

Run Build Command:"/usr/bin/gmake" "cmTC_26d28/fast"
/usr/bin/gmake -f CMakeFiles/cmTC_26d28.dir/build.make CMakeFiles/cmTC_26d28.dir/build
gmake[1]: Entering directory `/nfs/home/y/yo_kumar/Downloads/P2/P2Submission/Project 2/code/build/CMakeFiles/CMakeTmp'
Building CXX object CMakeFiles/cmTC_26d28.dir/testCXXCompiler.cxx.o
/encs/bin/g++     -o CMakeFiles/cmTC_26d28.dir/testCXXCompiler.cxx.o -c "/home/y/yo_kumar/Downloads/P2/P2Submission/Project 2/code/build/CMakeFiles/CMakeTmp/testCXXCompiler.cxx"
Linking CXX executable cmTC_26d28
/nfs/encs/ArchDep/x86_64.EL7/pkg/cmake-3.8.2/root/bin/cmake -E cmake_link_script CMakeFiles/cmTC_26d28.dir/link.txt --verbose=1
/encs/bin/g++       -rdynamic CMakeFiles/cmTC_26d28.dir/testCXXCompiler.cxx.o  -o cmTC_26d28 
gmake[1]: Leaving directory `/nfs/home/y/yo_kumar/Downloads/P2/P2Submission/Project 2/code/build/CMakeFiles/CMakeTmp'


Detecting CXX compiler ABI info compiled with the following output:
Change Dir: /home/y/yo_kumar/Downloads/P2/P2Submission/Project 2/code/build/CMakeFiles/CMakeTmp

Run Build Command:"/usr/bin/gmake" "cmTC_a5922/fast"
/usr/bin/gmake -f CMakeFiles/cmTC_a5922.dir/build.make CMakeFiles/cmTC_a5922.dir/build
gmake[1]: Entering directory `/nfs/home/y/yo_kumar/Downloads/P2/P2Submission/Project 2/code/build/CMakeFiles/CMakeTmp'
Building CXX object CMakeFiles/cmTC_a5922.dir/CMakeCXXCompilerABI.cpp.o
/encs/bin/g++     -o CMakeFiles/cmTC_a5922.dir/CMakeCXXCompilerABI.cpp.o -c /nfs/encs/ArchDep/x86_64.EL7/pkg/cmake-3.8.2/root/share/cmake-3.8/Modules/CMakeCXXCompilerABI.cpp
Linking CXX executable cmTC_a5922
/nfs/encs/ArchDep/x86_64.EL7/pkg/cmake-3.8.2/root/bin/cmake -E cmake_link_script CMakeFiles/cmTC_a5922.dir/link.txt --verbose=1
/encs/bin/g++      -v -rdynamic CMakeFiles/cmTC_a5922.dir/CMakeCXXCompilerABI.cpp.o  -o cmTC_a5922 
Using built-in specs.
COLLECT_GCC=/encs/bin/g++
COLLECT_LTO_WRAPPER=/nfs/encs/ArchDep/x86_64.EL7/pkg/gcc-4.9.2/root/bin/../libexec/gcc/x86_64-unknown-linux-gnu/4.9.2/lto-wrapper
Target: x86_64-unknown-linux-gnu
Configured with: /encs/pkg/gcc-4.9.2/src/configure --prefix=/encs/pkg/gcc-4.9.2/root --enable-shared --enable-threads=posix --disable-checking --with-system-zlib --with-gmp-include=/encs/include --with-gmp-lib=/encs/lib64 --with-mpfr-include=/encs/include --with-mpfr-lib=/encs/lib64 --with-mpc-include=/encs/include --with-mpc-lib=/encs/lib64 --enable-__cxa_atexit
Thread model: posix
gcc version 4.9.2 (GCC) 
COMPILER_PATH=/nfs/encs/ArchDep/x86_64.EL7/pkg/gcc-4.9.2/root/bin/../libexec/gcc/x86_64-unknown-linux-gnu/4.9.2/:/nfs/encs/ArchDep/x86_64.EL7/pkg/gcc-4.9.2/root/bin/../libexec/gcc/
LIBRARY_PATH=/nfs/encs/ArchDep/x86_64.EL7/pkg/gcc-4.9.2/root/bin/../lib/gcc/x86_64-unknown-linux-gnu/4.9.2/:/nfs/encs/ArchDep/x86_64.EL7/pkg/gcc-4.9.2/root/bin/../lib/gcc/:/nfs/encs/ArchDep/x86_64.EL7/pkg/gcc-4.9.2/root/bin/../lib/gcc/x86_64-unknown-linux-gnu/4.9.2/../../../../lib64/:/lib/../lib64/:/usr/lib/../lib64/:/nfs/encs/ArchDep/x86_64.EL7/pkg/gcc-4.9.2/root/bin/../lib/gcc/x86_64-unknown-linux-gnu/4.9.2/../../../:/lib/:/usr/lib/
COLLECT_GCC_OPTIONS='-v' '-rdynamic' '-o' 'cmTC_a5922' '-shared-libgcc' '-mtune=generic' '-march=x86-64'
 /nfs/encs/ArchDep/x86_64.EL7/pkg/gcc-4.9.2/root/bin/../libexec/gcc/x86_64-unknown-linux-gnu/4.9.2/collect2 --eh-frame-hdr -m elf_x86_64 -export-dynamic -dynamic-linker /lib64/ld-linux-x86-64.so.2 -L/encs/pkg/gcc-4.9.2/root/lib64 -rpath /encs/pkg/gcc-4.9.2/root/lib64 -o cmTC_a5922 /lib/../lib64/crt1.o /lib/../lib64/crti.o /nfs/encs/ArchDep/x86_64.EL7/pkg/gcc-4.9.2/root/bin/../lib/gcc/x86_64-unknown-linux-gnu/4.9.2/crtbegin.o -L/nfs/encs/ArchDep/x86_64.EL7/pkg/gcc-4.9.2/root/bin/../lib/gcc/x86_64-unknown-linux-gnu/4.9.2 -L/nfs/encs/ArchDep/x86_64.EL7/pkg/gcc-4.9.2/root/bin/../lib/gcc -L/nfs/encs/ArchDep/x86_64.EL7/pkg/gcc-4.9.2/root/bin/../lib/gcc/x86_64-unknown-linux-gnu/4.9.2/../../../../lib64 -L/lib/../lib64 -L/usr/lib/../lib64 -L/nfs/encs/ArchDep/x86_64.EL7/pkg/gcc-4.9.2/root/bin/../lib/gcc/x86_64-unknown-linux-gnu/4.9.2/../../.. CMakeFiles/cmTC_a5922.dir/CMakeCXXCompilerABI.cpp.o -lstdc++ -lm -lgcc_s -lgcc -lc -lgcc_s -lgcc /nfs/encs/ArchDep/x86_64.EL7/pkg/gcc-4.9.2/root/bin/../lib/gcc/x86_64-unknown-linux-gnu/4.9.2/crtend.o /lib/../lib64/crtn.o
gmake[1]: Leaving directory `/nfs/home/y/yo_kumar/Downloads/P2/P2Submission/Project 2/code/build/CMakeFiles/CMakeTmp'


Parsed CXX implicit link information from above output:
  link line regex: [^( *|.*[/\])(ld|([^/\]+-)?ld|collect2)[^/\]*( |$)]
  ignore line: [Change Dir: /home/y/yo_kumar/Downloads/P2/P2Submission/Project 2/code/build/CMakeFiles/CMakeTmp]
  ignore line: []
  ignore line: [Run Build Command:"/usr/bin/gmake" "cmTC_a5922/fast"]
  ignore line: [/usr/bin/gmake -f CMakeFiles/cmTC_a5922.dir/build.make CMakeFiles/cmTC_a5922.dir/build]
  ignore line: [gmake[1]: Entering directory `/nfs/home/y/yo_kumar/Downloads/P2/P2Submission/Project 2/code/build/CMakeFiles/CMakeTmp']
  ignore line: [Building CXX object CMakeFiles/cmTC_a5922.dir/CMakeCXXCompilerABI.cpp.o]
  ignore line: [/encs/bin/g++     -o CMakeFiles/cmTC_a5922.dir/CMakeCXXCompilerABI.cpp.o -c /nfs/encs/ArchDep/x86_64.EL7/pkg/cmake-3.8.2/root/share/cmake-3.8/Modules/CMakeCXXCompilerABI.cpp]
  ignore line: [Linking CXX executable cmTC_a5922]
  ignore line: [/nfs/encs/ArchDep/x86_64.EL7/pkg/cmake-3.8.2/root/bin/cmake -E cmake_link_script CMakeFiles/cmTC_a5922.dir/link.txt --verbose=1]
  ignore line: [/encs/bin/g++      -v -rdynamic CMakeFiles/cmTC_a5922.dir/CMakeCXXCompilerABI.cpp.o  -o cmTC_a5922 ]
  ignore line: [Using built-in specs.]
  ignore line: [COLLECT_GCC=/encs/bin/g++]
  ignore line: [COLLECT_LTO_WRAPPER=/nfs/encs/ArchDep/x86_64.EL7/pkg/gcc-4.9.2/root/bin/../libexec/gcc/x86_64-unknown-linux-gnu/4.9.2/lto-wrapper]
  ignore line: [Target: x86_64-unknown-linux-gnu]
  ignore line: [Configured with: /encs/pkg/gcc-4.9.2/src/configure --prefix=/encs/pkg/gcc-4.9.2/root --enable-shared --enable-threads=posix --disable-checking --with-system-zlib --with-gmp-include=/encs/include --with-gmp-lib=/encs/lib64 --with-mpfr-include=/encs/include --with-mpfr-lib=/encs/lib64 --with-mpc-include=/encs/include --with-mpc-lib=/encs/lib64 --enable-__cxa_atexit]
  ignore line: [Thread model: posix]
  ignore line: [gcc version 4.9.2 (GCC) ]
  ignore line: [COMPILER_PATH=/nfs/encs/ArchDep/x86_64.EL7/pkg/gcc-4.9.2/root/bin/../libexec/gcc/x86_64-unknown-linux-gnu/4.9.2/:/nfs/encs/ArchDep/x86_64.EL7/pkg/gcc-4.9.2/root/bin/../libexec/gcc/]
  ignore line: [LIBRARY_PATH=/nfs/encs/ArchDep/x86_64.EL7/pkg/gcc-4.9.2/root/bin/../lib/gcc/x86_64-unknown-linux-gnu/4.9.2/:/nfs/encs/ArchDep/x86_64.EL7/pkg/gcc-4.9.2/root/bin/../lib/gcc/:/nfs/encs/ArchDep/x86_64.EL7/pkg/gcc-4.9.2/root/bin/../lib/gcc/x86_64-unknown-linux-gnu/4.9.2/../../../../lib64/:/lib/../lib64/:/usr/lib/../lib64/:/nfs/encs/ArchDep/x86_64.EL7/pkg/gcc-4.9.2/root/bin/../lib/gcc/x86_64-unknown-linux-gnu/4.9.2/../../../:/lib/:/usr/lib/]
  ignore line: [COLLECT_GCC_OPTIONS='-v' '-rdynamic' '-o' 'cmTC_a5922' '-shared-libgcc' '-mtune=generic' '-march=x86-64']
  link line: [ /nfs/encs/ArchDep/x86_64.EL7/pkg/gcc-4.9.2/root/bin/../libexec/gcc/x86_64-unknown-linux-gnu/4.9.2/collect2 --eh-frame-hdr -m elf_x86_64 -export-dynamic -dynamic-linker /lib64/ld-linux-x86-64.so.2 -L/encs/pkg/gcc-4.9.2/root/lib64 -rpath /encs/pkg/gcc-4.9.2/root/lib64 -o cmTC_a5922 /lib/../lib64/crt1.o /lib/../lib64/crti.o /nfs/encs/ArchDep/x86_64.EL7/pkg/gcc-4.9.2/root/bin/../lib/gcc/x86_64-unknown-linux-gnu/4.9.2/crtbegin.o -L/nfs/encs/ArchDep/x86_64.EL7/pkg/gcc-4.9.2/root/bin/../lib/gcc/x86_64-unknown-linux-gnu/4.9.2 -L/nfs/encs/ArchDep/x86_64.EL7/pkg/gcc-4.9.2/root/bin/../lib/gcc -L/nfs/encs/ArchDep/x86_64.EL7/pkg/gcc-4.9.2/root/bin/../lib/gcc/x86_64-unknown-linux-gnu/4.9.2/../../../../lib64 -L/lib/../lib64 -L/usr/lib/../lib64 -L/nfs/encs/ArchDep/x86_64.EL7/pkg/gcc-4.9.2/root/bin/../lib/gcc/x86_64-unknown-linux-gnu/4.9.2/../../.. CMakeFiles/cmTC_a5922.dir/CMakeCXXCompilerABI.cpp.o -lstdc++ -lm -lgcc_s -lgcc -lc -lgcc_s -lgcc /nfs/encs/ArchDep/x86_64.EL7/pkg/gcc-4.9.2/root/bin/../lib/gcc/x86_64-unknown-linux-gnu/4.9.2/crtend.o /lib/../lib64/crtn.o]
    arg [/nfs/encs/ArchDep/x86_64.EL7/pkg/gcc-4.9.2/root/bin/../libexec/gcc/x86_64-unknown-linux-gnu/4.9.2/collect2] ==> ignore
    arg [--eh-frame-hdr] ==> ignore
    arg [-m] ==> ignore
    arg [elf_x86_64] ==> ignore
    arg [-export-dynamic] ==> ignore
    arg [-dynamic-linker] ==> ignore
    arg [/lib64/ld-linux-x86-64.so.2] ==> ignore
    arg [-L/encs/pkg/gcc-4.9.2/root/lib64] ==> dir [/encs/pkg/gcc-4.9.2/root/lib64]
    arg [-rpath] ==> ignore
    arg [/encs/pkg/gcc-4.9.2/root/lib64] ==> ignore
    arg [-o] ==> ignore
    arg [cmTC_a5922] ==> ignore
    arg [/lib/../lib64/crt1.o] ==> ignore
    arg [/lib/../lib64/crti.o] ==> ignore
    arg [/nfs/encs/ArchDep/x86_64.EL7/pkg/gcc-4.9.2/root/bin/../lib/gcc/x86_64-unknown-linux-gnu/4.9.2/crtbegin.o] ==> ignore
    arg [-L/nfs/encs/ArchDep/x86_64.EL7/pkg/gcc-4.9.2/root/bin/../lib/gcc/x86_64-unknown-linux-gnu/4.9.2] ==> dir [/nfs/encs/ArchDep/x86_64.EL7/pkg/gcc-4.9.2/root/bin/../lib/gcc/x86_64-unknown-linux-gnu/4.9.2]
    arg [-L/nfs/encs/ArchDep/x86_64.EL7/pkg/gcc-4.9.2/root/bin/../lib/gcc] ==> dir [/nfs/encs/ArchDep/x86_64.EL7/pkg/gcc-4.9.2/root/bin/../lib/gcc]
    arg [-L/nfs/encs/ArchDep/x86_64.EL7/pkg/gcc-4.9.2/root/bin/../lib/gcc/x86_64-unknown-linux-gnu/4.9.2/../../../../lib64] ==> dir [/nfs/encs/ArchDep/x86_64.EL7/pkg/gcc-4.9.2/root/bin/../lib/gcc/x86_64-unknown-linux-gnu/4.9.2/../../../../lib64]
    arg [-L/lib/../lib64] ==> dir [/lib/../lib64]
    arg [-L/usr/lib/../lib64] ==> dir [/usr/lib/../lib64]
    arg [-L/nfs/encs/ArchDep/x86_64.EL7/pkg/gcc-4.9.2/root/bin/../lib/gcc/x86_64-unknown-linux-gnu/4.9.2/../../..] ==> dir [/nfs/encs/ArchDep/x86_64.EL7/pkg/gcc-4.9.2/root/bin/../lib/gcc/x86_64-unknown-linux-gnu/4.9.2/../../..]
    arg [CMakeFiles/cmTC_a5922.dir/CMakeCXXCompilerABI.cpp.o] ==> ignore
    arg [-lstdc++] ==> lib [stdc++]
    arg [-lm] ==> lib [m]
    arg [-lgcc_s] ==> lib [gcc_s]
    arg [-lgcc] ==> lib [gcc]
    arg [-lc] ==> lib [c]
    arg [-lgcc_s] ==> lib [gcc_s]
    arg [-lgcc] ==> lib [gcc]
    arg [/nfs/encs/ArchDep/x86_64.EL7/pkg/gcc-4.9.2/root/bin/../lib/gcc/x86_64-unknown-linux-gnu/4.9.2/crtend.o] ==> ignore
    arg [/lib/../lib64/crtn.o] ==> ignore
  remove lib [gcc_s]
  remove lib [gcc]
  remove lib [gcc_s]
  remove lib [gcc]
  collapse library dir [/encs/pkg/gcc-4.9.2/root/lib64] ==> [/encs/pkg/gcc-4.9.2/root/lib64]
  collapse library dir [/nfs/encs/ArchDep/x86_64.EL7/pkg/gcc-4.9.2/root/bin/../lib/gcc/x86_64-unknown-linux-gnu/4.9.2] ==> [/nfs/encs/ArchDep/x86_64.EL7/pkg/gcc-4.9.2/root/lib/gcc/x86_64-unknown-linux-gnu/4.9.2]
  collapse library dir [/nfs/encs/ArchDep/x86_64.EL7/pkg/gcc-4.9.2/root/bin/../lib/gcc] ==> [/nfs/encs/ArchDep/x86_64.EL7/pkg/gcc-4.9.2/root/lib/gcc]
  collapse library dir [/nfs/encs/ArchDep/x86_64.EL7/pkg/gcc-4.9.2/root/bin/../lib/gcc/x86_64-unknown-linux-gnu/4.9.2/../../../../lib64] ==> [/nfs/encs/ArchDep/x86_64.EL7/pkg/gcc-4.9.2/root/lib64]
  collapse library dir [/lib/../lib64] ==> [/lib64]
  collapse library dir [/usr/lib/../lib64] ==> [/usr/lib64]
  collapse library dir [/nfs/encs/ArchDep/x86_64.EL7/pkg/gcc-4.9.2/root/bin/../lib/gcc/x86_64-unknown-linux-gnu/4.9.2/../../..] ==> [/nfs/encs/ArchDep/x86_64.EL7/pkg/gcc-4.9.2/root/lib]
  implicit libs: [stdc++;m;c]
  implicit dirs: [/encs/pkg/gcc-4.9.2/root/lib64;/nfs/encs/ArchDep/x86_64.EL7/pkg/gcc-4.9.2/root/lib/gcc/x86_64-unknown-linux-gnu/4.9.2;/nfs/encs/ArchDep/x86_64.EL7/pkg/gcc-4.9.2/root/lib/gcc;/nfs/encs/ArchDep/x86_64.EL7/pkg/gcc-4.9.2/root/lib64;/lib64;/usr/lib64;/nfs/encs/ArchDep/x86_64.EL7/pkg/gcc-4.9.2/root/lib]
  implicit fwks: []




Detecting CXX [-std=c++14] compiler features compiled with the following output:
Change Dir: /home/y/yo_kumar/Downloads/P2/P2Submission/Project 2/code/build/CMakeFiles/CMakeTmp

Run Build Command:"/usr/bin/gmake" "cmTC_1d3ed/fast"
/usr/bin/gmake -f CMakeFiles/cmTC_1d3ed.dir/build.make CMakeFiles/cmTC_1d3ed.dir/build
gmake[1]: Entering directory `/nfs/home/y/yo_kumar/Downloads/P2/P2Submission/Project 2/code/build/CMakeFiles/CMakeTmp'
Building CXX object CMakeFiles/cmTC_1d3ed.dir/feature_tests.cxx.o
/encs/bin/g++    -std=c++14 -o CMakeFiles/cmTC_1d3ed.dir/feature_tests.cxx.o -c "/home/y/yo_kumar/Downloads/P2/P2Submission/Project 2/code/build/CMakeFiles/feature_tests.cxx"
Linking CXX executable cmTC_1d3ed
/nfs/encs/ArchDep/x86_64.EL7/pkg/cmake-3.8.2/root/bin/cmake -E cmake_link_script CMakeFiles/cmTC_1d3ed.dir/link.txt --verbose=1
/encs/bin/g++       -rdynamic CMakeFiles/cmTC_1d3ed.dir/feature_tests.cxx.o  -o cmTC_1d3ed 
gmake[1]: Leaving directory `/nfs/home/y/yo_kumar/Downloads/P2/P2Submission/Project 2/code/build/CMakeFiles/CMakeTmp'


    Feature record: CXX_FEATURE:0cxx_aggregate_default_initializers
    Feature record: CXX_FEATURE:1cxx_alias_templates
    Feature record: CXX_FEATURE:1cxx_alignas
    Feature record: CXX_FEATURE:1cxx_alignof
    Feature record: CXX_FEATURE:1cxx_attributes
    Feature record: CXX_FEATURE:1cxx_attribute_deprecated
    Feature record: CXX_FEATURE:1cxx_auto_type
    Feature record: CXX_FEATURE:1cxx_binary_literals
    Feature record: CXX_FEATURE:1cxx_constexpr
    Feature record: CXX_FEATURE:1cxx_contextual_conversions
    Feature record: CXX_FEATURE:1cxx_decltype
    Feature record: CXX_FEATURE:1cxx_decltype_auto
    Feature record: CXX_FEATURE:1cxx_decltype_incomplete_return_types
    Feature record: CXX_FEATURE:1cxx_default_function_template_args
    Feature record: CXX_FEATURE:1cxx_defaulted_functions
    Feature record: CXX_FEATURE:1cxx_defaulted_move_initializers
    Feature record: CXX_FEATURE:1cxx_delegating_constructors
    Feature record: CXX_FEATURE:1cxx_deleted_functions
    Feature record: CXX_FEATURE:1cxx_digit_separators
    Feature record: CXX_FEATURE:1cxx_enum_forward_declarations
    Feature record: CXX_FEATURE:1cxx_explicit_conversions
    Feature record: CXX_FEATURE:1cxx_extended_friend_declarations
    Feature record: CXX_FEATURE:1cxx_extern_templates
    Feature record: CXX_FEATURE:1cxx_final
    Feature record: CXX_FEATURE:1cxx_func_identifier
    Feature record: CXX_FEATURE:1cxx_generalized_initializers
    Feature record: CXX_FEATURE:1cxx_generic_lambdas
    Feature record: CXX_FEATURE:1cxx_inheriting_constructors
    Feature record: CXX_FEATURE:1cxx_inline_namespaces
    Feature record: CXX_FEATURE:1cxx_lambdas
    Feature record: CXX_FEATURE:1cxx_lambda_init_captures
    Feature record: CXX_FEATURE:1cxx_local_type_template_args
    Feature record: CXX_FEATURE:1cxx_long_long_type
    Feature record: CXX_FEATURE:1cxx_noexcept
    Feature record: CXX_FEATURE:1cxx_nonstatic_member_init
    Feature record: CXX_FEATURE:1cxx_nullptr
    Feature record: CXX_FEATURE:1cxx_override
    Feature record: CXX_FEATURE:1cxx_range_for
    Feature record: CXX_FEATURE:1cxx_raw_string_literals
    Feature record: CXX_FEATURE:1cxx_reference_qualified_functions
    Feature record: CXX_FEATURE:0cxx_relaxed_constexpr
    Feature record: CXX_FEATURE:1cxx_return_type_deduction
    Feature record: CXX_FEATURE:1cxx_right_angle_brackets
    Feature record: CXX_FEATURE:1cxx_rvalue_references
    Feature record: CXX_FEATURE:1cxx_sizeof_member
    Feature record: CXX_FEATURE:1cxx_static_assert
    Feature record: CXX_FEATURE:1cxx_strong_enums
    Feature record: CXX_FEATURE:1cxx_template_template_parameters
    Feature record: CXX_FEATURE:1cxx_thread_local
    Feature record: CXX_FEATURE:1cxx_trailing_return_types
    Feature record: CXX_FEATURE:1cxx_unicode_literals
    Feature record: CXX_FEATURE:1cxx_uniform_initialization
    Feature record: CXX_FEATURE:1cxx_unrestricted_unions
    Feature record: CXX_FEATURE:1cxx_user_literals
    Feature record: CXX_FEATURE:0cxx_variable_templates
    Feature record: CXX_FEATURE:1cxx_variadic_macros
    Feature record: CXX_FEATURE:1cxx_variadic_templates


Detecting CXX [-std=c++11] compiler features compiled with the following output:
Change Dir: /home/y/yo_kumar/Downloads/P2/P2Submission/Project 2/code/build/CMakeFiles/CMakeTmp

Run Build Command:"/usr/bin/gmake" "cmTC_01c0c/fast"
/usr/bin/gmake -f CMakeFiles/cmTC_01c0c.dir/build.make CMakeFiles/cmTC_01c0c.dir/build
gmake[1]: Entering directory `/nfs/home/y/yo_kumar/Downloads/P2/P2Submission/Project 2/code/build/CMakeFiles/CMakeTmp'
Building CXX object CMakeFiles/cmTC_01c0c.dir/feature_tests.cxx.o
/encs/bin/g++    -std=c++11 -o CMakeFiles/cmTC_01c0c.dir/feature_tests.cxx.o -c "/home/y/yo_kumar/Downloads/P2/P2Submission/Project 2/code/build/CMakeFiles/feature_tests.cxx"
Linking CXX executable cmTC_01c0c
/nfs/encs/ArchDep/x86_64.EL7/pkg/cmake-3.8.2/root/bin/cmake -E cmake_link_script CMakeFiles/cmTC_01c0c.dir/link.txt --verbose=1
/encs/bin/g++       -rdynamic CMakeFiles/cmTC_01c0c.dir/feature_tests.cxx.o  -o cmTC_01c0c 
gmake[1]: Leaving directory `/nfs/home/y/yo_kumar/Downloads/P2/P2Submission/Project 2/code/build/CMakeFiles/CMakeTmp'


    Feature record: CXX_FEATURE:0cxx_aggregate_default_initializers
    Feature record: CXX_FEATURE:1cxx_alias_templates
    Feature record: CXX_FEATURE:1cxx_alignas
    Feature record: CXX_FEATURE:1cxx_alignof
    Feature record: CXX_FEATURE:1cxx_attributes
    Feature record: CXX_FEATURE:0cxx_attribute_deprecated
    Feature record: CXX_FEATURE:1cxx_auto_type
    Feature record: CXX_FEATURE:0cxx_binary_literals
    Feature record: CXX_FEATURE:1cxx_constexpr
    Feature record: CXX_FEATURE:0cxx_contextual_conversions
    Feature record: CXX_FEATURE:1cxx_decltype
    Feature record: CXX_FEATURE:0cxx_decltype_auto
    Feature record: CXX_FEATURE:1cxx_decltype_incomplete_return_types
    Feature record: CXX_FEATURE:1cxx_default_function_template_args
    Feature record: CXX_FEATURE:1cxx_defaulted_functions
    Feature record: CXX_FEATURE:1cxx_defaulted_move_initializers
    Feature record: CXX_FEATURE:1cxx_delegating_constructors
    Feature record: CXX_FEATURE:1cxx_deleted_functions
    Feature record: CXX_FEATURE:0cxx_digit_separators
    Feature record: CXX_FEATURE:1cxx_enum_forward_declarations
    Feature record: CXX_FEATURE:1cxx_explicit_conversions
    Feature record: CXX_FEATURE:1cxx_extended_friend_declarations
    Feature record: CXX_FEATURE:1cxx_extern_templates
    Feature record: CXX_FEATURE:1cxx_final
    Feature record: CXX_FEATURE:1cxx_func_identifier
    Feature record: CXX_FEATURE:1cxx_generalized_initializers
    Feature record: CXX_FEATURE:0cxx_generic_lambdas
    Feature record: CXX_FEATURE:1cxx_inheriting_constructors
    Feature record: CXX_FEATURE:1cxx_inline_namespaces
    Feature record: CXX_FEATURE:1cxx_lambdas
    Feature record: CXX_FEATURE:0cxx_lambda_init_captures
    Feature record: CXX_FEATURE:1cxx_local_type_template_args
    Feature record: CXX_FEATURE:1cxx_long_long_type
    Feature record: CXX_FEATURE:1cxx_noexcept
    Feature record: CXX_FEATURE:1cxx_nonstatic_member_init
    Feature record: CXX_FEATURE:1cxx_nullptr
    Feature record: CXX_FEATURE:1cxx_override
    Feature record: CXX_FEATURE:1cxx_range_for
    Feature record: CXX_FEATURE:1cxx_raw_string_literals
    Feature record: CXX_FEATURE:1cxx_reference_qualified_functions
    Feature record: CXX_FEATURE:0cxx_relaxed_constexpr
    Feature record: CXX_FEATURE:0cxx_return_type_deduction
    Feature record: CXX_FEATURE:1cxx_right_angle_brackets
    Feature record: CXX_FEATURE:1cxx_rvalue_references
    Feature record: CXX_FEATURE:1cxx_sizeof_member
    Feature record: CXX_FEATURE:1cxx_static_assert
    Feature record: CXX_FEATURE:1cxx_strong_enums
    Feature record: CXX_FEATURE:1cxx_template_template_parameters
    Feature record: CXX_FEATURE:1cxx_thread_local
    Feature record: CXX_FEATURE:1cxx_trailing_return_types
    Feature record: CXX_FEATURE:1cxx_unicode_literals
    Feature record: CXX_FEATURE:1cxx_uniform_initialization
    Feature record: CXX_FEATURE:1cxx_unrestricted_unions
    Feature record: CXX_FEATURE:1cxx_user_literals
    Feature record: CXX_FEATURE:0cxx_variable_templates
    Feature record: CXX_FEATURE:1cxx_variadic_macros
    Feature record: CXX_FEATURE:1cxx_variadic_templates


Detecting CXX [-std=c++98] compiler features compiled with the following output:
Change Dir: /home/y/yo_kumar/Downloads/P2/P2Submission/Project 2/code/build/CMakeFiles/CMakeTmp

Run Build Command:"/usr/bin/gmake" "cmTC_1317d/fast"
/usr/bin/gmake -f CMakeFiles/cmTC_1317d.dir/build.make CMakeFiles/cmTC_1317d.dir/build
gmake[1]: Entering directory `/nfs/home/y/yo_kumar/Downloads/P2/P2Submission/Project 2/code/build/CMakeFiles/CMakeTmp'
Building CXX object CMakeFiles/cmTC_1317d.dir/feature_tests.cxx.o
/encs/bin/g++    -std=c++98 -o CMakeFiles/cmTC_1317d.dir/feature_tests.cxx.o -c "/home/y/yo_kumar/Downloads/P2/P2Submission/Project 2/code/build/CMakeFiles/feature_tests.cxx"
Linking CXX executable cmTC_1317d
/nfs/encs/ArchDep/x86_64.EL7/pkg/cmake-3.8.2/root/bin/cmake -E cmake_link_script CMakeFiles/cmTC_1317d.dir/link.txt --verbose=1
/encs/bin/g++       -rdynamic CMakeFiles/cmTC_1317d.dir/feature_tests.cxx.o  -o cmTC_1317d 
gmake[1]: Leaving directory `/nfs/home/y/yo_kumar/Downloads/P2/P2Submission/Project 2/code/build/CMakeFiles/CMakeTmp'


    Feature record: CXX_FEATURE:0cxx_aggregate_default_initializers
    Feature record: CXX_FEATURE:0cxx_alias_templates
    Feature record: CXX_FEATURE:0cxx_alignas
    Feature record: CXX_FEATURE:0cxx_alignof
    Feature record: CXX_FEATURE:0cxx_attributes
    Feature record: CXX_FEATURE:0cxx_attribute_deprecated
    Feature record: CXX_FEATURE:0cxx_auto_type
    Feature record: CXX_FEATURE:0cxx_binary_literals
    Feature record: CXX_FEATURE:0cxx_constexpr
    Feature record: CXX_FEATURE:0cxx_contextual_conversions
    Feature record: CXX_FEATURE:0cxx_decltype
    Feature record: CXX_FEATURE:0cxx_decltype_auto
    Feature record: CXX_FEATURE:0cxx_decltype_incomplete_return_types
    Feature record: CXX_FEATURE:0cxx_default_function_template_args
    Feature record: CXX_FEATURE:0cxx_defaulted_functions
    Feature record: CXX_FEATURE:0cxx_defaulted_move_initializers
    Feature record: CXX_FEATURE:0cxx_delegating_constructors
    Feature record: CXX_FEATURE:0cxx_deleted_functions
    Feature record: CXX_FEATURE:0cxx_digit_separators
    Feature record: CXX_FEATURE:0cxx_enum_forward_declarations
    Feature record: CXX_FEATURE:0cxx_explicit_conversions
    Feature record: CXX_FEATURE:0cxx_extended_friend_declarations
    Feature record: CXX_FEATURE:0cxx_extern_templates
    Feature record: CXX_FEATURE:0cxx_final
    Feature record: CXX_FEATURE:0cxx_func_identifier
    Feature record: CXX_FEATURE:0cxx_generalized_initializers
    Feature record: CXX_FEATURE:0cxx_generic_lambdas
    Feature record: CXX_FEATURE:0cxx_inheriting_constructors
    Feature record: CXX_FEATURE:0cxx_inline_namespaces
    Feature record: CXX_FEATURE:0cxx_lambdas
    Feature record: CXX_FEATURE:0cxx_lambda_init_captures
    Feature record: CXX_FEATURE:0cxx_local_type_template_args
    Feature record: CXX_FEATURE:0cxx_long_long_type
    Feature record: CXX_FEATURE:0cxx_noexcept
    Feature record: CXX_FEATURE:0cxx_nonstatic_member_init
    Feature record: CXX_FEATURE:0cxx_nullptr
    Feature record: CXX_FEATURE:0cxx_override
    Feature record: CXX_FEATURE:0cxx_range_for
    Feature record: CXX_FEATURE:0cxx_raw_string_literals
    Feature record: CXX_FEATURE:0cxx_reference_qualified_functions
    Feature record: CXX_FEATURE:0cxx_relaxed_constexpr
    Feature record: CXX_FEATURE:0cxx_return_type_deduction
    Feature record: CXX_FEATURE:0cxx_right_angle_brackets
    Feature record: CXX_FEATURE:0cxx_rvalue_references
    Feature record: CXX_FEATURE:0cxx_sizeof_member
    Feature record: CXX_FEATURE:0cxx_static_assert
    Feature record: CXX_FEATURE:0cxx_strong_enums
    Feature record: CXX_FEATURE:1cxx_template_template_parameters
    Feature record: CXX_FEATURE:0cxx_thread_local
    Feature record: CXX_FEATURE:0cxx_trailing_return_types
    Feature record: CXX_FEATURE:0cxx_unicode_literals
    Feature record: CXX_FEATURE:0cxx_uniform_initialization
    Feature record: CXX_FEATURE:0cxx_unrestricted_unions
    Feature record: CXX_FEATURE:0cxx_user_literals
    Feature record: CXX_FEATURE:0cxx_variable_templates
    Feature record: CXX_FEATURE:0cxx_variadic_macros
    Feature record: CXX_FEATURE:0cxx_variadic_templates
